<?xml version="1.0" encoding="UTF-8"?>
<testng-results skipped="0" failed="0" ignored="0" total="1" passed="1">
  <reporter-output>
    <line>
      <![CDATA[SearchTest Class Started..]]>
    </line>
    <line>
      <![CDATA[testLoginToApplicationAndSearch Test Started..]]>
    </line>
    <line>
      <![CDATA[testLoginToApplicationAndSearch Test Passed..]]>
    </line>
  </reporter-output>
  <suite name="Test Suite" duration-ms="18475" started-at="2021-10-24T09:02:31 IST" finished-at="2021-10-24T09:02:49 IST">
    <groups>
    </groups>
    <test name="SearchTest" duration-ms="18475" started-at="2021-10-24T09:02:31 IST" finished-at="2021-10-24T09:02:49 IST">
      <class name="springerNature.SND.testScripts.SearchTest">
        <test-method status="PASS" signature="beforeSuite()[pri:0, instance:springerNature.SND.testScripts.SearchTest@7f13d6e]" name="beforeSuite" is-config="true" duration-ms="339" started-at="2021-10-24T09:02:31 IST" finished-at="2021-10-24T09:02:31 IST">
          <reporter-output>
          </reporter-output>
        </test-method> <!-- beforeSuite -->
        <test-method status="PASS" signature="beforeTest()[pri:0, instance:springerNature.SND.testScripts.SearchTest@7f13d6e]" name="beforeTest" is-config="true" duration-ms="6260" started-at="2021-10-24T09:02:31 IST" finished-at="2021-10-24T09:02:37 IST">
          <reporter-output>
          </reporter-output>
        </test-method> <!-- beforeTest -->
        <test-method status="PASS" signature="beforeMethod(java.lang.reflect.Method)[pri:0, instance:springerNature.SND.testScripts.SearchTest@7f13d6e]" name="beforeMethod" is-config="true" duration-ms="22" started-at="2021-10-24T09:02:37 IST" finished-at="2021-10-24T09:02:37 IST">
          <params>
            <param index="0">
              <value>
                <![CDATA[public void springerNature.SND.testScripts.SearchTest.testLoginToApplicationAndSearch()]]>
              </value>
            </param>
          </params>
          <reporter-output>
          </reporter-output>
        </test-method> <!-- beforeMethod -->
        <test-method status="PASS" signature="testLoginToApplicationAndSearch()[pri:0, instance:springerNature.SND.testScripts.SearchTest@7f13d6e]" name="testLoginToApplicationAndSearch" duration-ms="12091" started-at="2021-10-24T09:02:37 IST" description="Search on home page with a valid user" finished-at="2021-10-24T09:02:49 IST">
          <reporter-output>
            <line>
              <![CDATA[testLoginToApplicationAndSearch Test Started..]]>
            </line>
            <line>
              <![CDATA[testLoginToApplicationAndSearch Test Passed..]]>
            </line>
          </reporter-output>
        </test-method> <!-- testLoginToApplicationAndSearch -->
        <test-method status="PASS" signature="afterMethod(org.testng.ITestResult)[pri:0, instance:springerNature.SND.testScripts.SearchTest@7f13d6e]" name="afterMethod" is-config="true" duration-ms="1" started-at="2021-10-24T09:02:49 IST" finished-at="2021-10-24T09:02:49 IST">
          <params>
            <param index="0">
              <value>
                <![CDATA[[TestResult name=testLoginToApplicationAndSearch status=SUCCESS method=SearchTest.testLoginToApplicationAndSearch()[pri:0, instance:springerNature.SND.testScripts.SearchTest@7f13d6e] output=testLoginToApplicationAndSearch Test Started..]]]>
              </value>
            </param>
          </params>
          <reporter-output>
          </reporter-output>
        </test-method> <!-- afterMethod -->
        <test-method status="PASS" signature="afterTest()[pri:0, instance:springerNature.SND.testScripts.SearchTest@7f13d6e]" name="afterTest" is-config="true" duration-ms="80" started-at="2021-10-24T09:02:49 IST" finished-at="2021-10-24T09:02:49 IST">
          <reporter-output>
          </reporter-output>
        </test-method> <!-- afterTest -->
      </class> <!-- springerNature.SND.testScripts.SearchTest -->
    </test> <!-- SearchTest -->
  </suite> <!-- Test Suite -->
</testng-results>
